<?xml version="1.0" encoding="UTF-8"?>
<testsuite name="Junit5Test" tests="1" skipped="0" failures="0" errors="0" timestamp="2021-02-23T07:53:34" hostname="DESKTOP-QV534M8" time="0.016">
  <properties/>
  <testcase name="junit5Test()" classname="Junit5Test" time="0.016"/>
  <system-out><![CDATA[]]></system-out>
  <system-err><![CDATA[]]></system-err>
</testsuite>
